[0.013s] Invoking command in '/home/ibrahim/Quadbot/build/quadbot_nodes': CMAKE_PREFIX_PATH=${CMAKE_PREFIX_PATH}:/home/ibrahim/RobotArm/install/main_arm_package:/home/ibrahim/RobotArm/install/action_interfaces:/opt/ros/humble /usr/bin/cmake --build /home/ibrahim/Quadbot/build/quadbot_nodes -- -j16 -l16
[0.052s] [35m[1mConsolidate compiler generated dependencies of target JointMover[0m
[0.071s] [ 50%] [32mBuilding CXX object CMakeFiles/JointMover.dir/src/JointMover.cpp.o[0m
[3.445s] [100%] [32m[1mLinking CXX executable JointMover[0m
[3.650s] [100%] Built target JointMover
[3.662s] Invoked command in '/home/ibrahim/Quadbot/build/quadbot_nodes' returned '0': CMAKE_PREFIX_PATH=${CMAKE_PREFIX_PATH}:/home/ibrahim/RobotArm/install/main_arm_package:/home/ibrahim/RobotArm/install/action_interfaces:/opt/ros/humble /usr/bin/cmake --build /home/ibrahim/Quadbot/build/quadbot_nodes -- -j16 -l16
[3.673s] Invoking command in '/home/ibrahim/Quadbot/build/quadbot_nodes': CMAKE_PREFIX_PATH=${CMAKE_PREFIX_PATH}:/home/ibrahim/RobotArm/install/main_arm_package:/home/ibrahim/RobotArm/install/action_interfaces:/opt/ros/humble /usr/bin/cmake --install /home/ibrahim/Quadbot/build/quadbot_nodes
[3.680s] -- Install configuration: ""
[3.680s] -- Installing: /home/ibrahim/Quadbot/install/quadbot_nodes/lib/quadbot_nodes/JointMover
[3.682s] -- Set runtime path of "/home/ibrahim/Quadbot/install/quadbot_nodes/lib/quadbot_nodes/JointMover" to ""
[3.682s] -- Up-to-date: /home/ibrahim/Quadbot/install/quadbot_nodes/share/quadbot_nodes/launch
[3.682s] -- Installing: /home/ibrahim/Quadbot/install/quadbot_nodes/share/quadbot_nodes/launch/bringup.launch.py
[3.683s] -- Up-to-date: /home/ibrahim/Quadbot/install/quadbot_nodes/share/quadbot_nodes/launch/display.launch.py
[3.683s] -- Up-to-date: /home/ibrahim/Quadbot/install/quadbot_nodes/share/quadbot_nodes/launch/__pycache__
[3.683s] -- Installing: /home/ibrahim/Quadbot/install/quadbot_nodes/share/quadbot_nodes/launch/__pycache__/bringup.launch.cpython-310.pyc
[3.683s] -- Installing: /home/ibrahim/Quadbot/install/quadbot_nodes/share/quadbot_nodes/launch/__pycache__/gazebo.launch.cpython-310.pyc
[3.683s] -- Installing: /home/ibrahim/Quadbot/install/quadbot_nodes/share/quadbot_nodes/launch/gazebo.launch.py
[3.683s] -- Up-to-date: /home/ibrahim/Quadbot/install/quadbot_nodes/share/quadbot_nodes/urdf
[3.684s] -- Installing: /home/ibrahim/Quadbot/install/quadbot_nodes/share/quadbot_nodes/urdf/robot.urdf
[3.684s] -- Up-to-date: /home/ibrahim/Quadbot/install/quadbot_nodes/share/quadbot_nodes/rviz
[3.684s] -- Up-to-date: /home/ibrahim/Quadbot/install/quadbot_nodes/share/quadbot_nodes/rviz/model.rviz
[3.684s] -- Up-to-date: /home/ibrahim/Quadbot/install/quadbot_nodes/share/quadbot_nodes/config
[3.684s] -- Up-to-date: /home/ibrahim/Quadbot/install/quadbot_nodes/share/quadbot_nodes/config/test.yaml
[3.684s] -- Up-to-date: /home/ibrahim/Quadbot/install/quadbot_nodes/share/quadbot_nodes/config/quadbot_controllers.yaml
[3.684s] -- Up-to-date: /home/ibrahim/Quadbot/install/quadbot_nodes/share/ament_index/resource_index/package_run_dependencies/quadbot_nodes
[3.685s] -- Up-to-date: /home/ibrahim/Quadbot/install/quadbot_nodes/share/ament_index/resource_index/parent_prefix_path/quadbot_nodes
[3.685s] -- Up-to-date: /home/ibrahim/Quadbot/install/quadbot_nodes/share/quadbot_nodes/environment/ament_prefix_path.sh
[3.685s] -- Up-to-date: /home/ibrahim/Quadbot/install/quadbot_nodes/share/quadbot_nodes/environment/ament_prefix_path.dsv
[3.685s] -- Up-to-date: /home/ibrahim/Quadbot/install/quadbot_nodes/share/quadbot_nodes/environment/path.sh
[3.685s] -- Up-to-date: /home/ibrahim/Quadbot/install/quadbot_nodes/share/quadbot_nodes/environment/path.dsv
[3.685s] -- Up-to-date: /home/ibrahim/Quadbot/install/quadbot_nodes/share/quadbot_nodes/local_setup.bash
[3.685s] -- Up-to-date: /home/ibrahim/Quadbot/install/quadbot_nodes/share/quadbot_nodes/local_setup.sh
[3.685s] -- Up-to-date: /home/ibrahim/Quadbot/install/quadbot_nodes/share/quadbot_nodes/local_setup.zsh
[3.685s] -- Up-to-date: /home/ibrahim/Quadbot/install/quadbot_nodes/share/quadbot_nodes/local_setup.dsv
[3.685s] -- Installing: /home/ibrahim/Quadbot/install/quadbot_nodes/share/quadbot_nodes/package.dsv
[3.686s] -- Up-to-date: /home/ibrahim/Quadbot/install/quadbot_nodes/share/ament_index/resource_index/packages/quadbot_nodes
[3.686s] -- Up-to-date: /home/ibrahim/Quadbot/install/quadbot_nodes/share/quadbot_nodes/cmake/quadbot_nodesConfig.cmake
[3.686s] -- Up-to-date: /home/ibrahim/Quadbot/install/quadbot_nodes/share/quadbot_nodes/cmake/quadbot_nodesConfig-version.cmake
[3.686s] -- Up-to-date: /home/ibrahim/Quadbot/install/quadbot_nodes/share/quadbot_nodes/package.xml
[3.688s] Invoked command in '/home/ibrahim/Quadbot/build/quadbot_nodes' returned '0': CMAKE_PREFIX_PATH=${CMAKE_PREFIX_PATH}:/home/ibrahim/RobotArm/install/main_arm_package:/home/ibrahim/RobotArm/install/action_interfaces:/opt/ros/humble /usr/bin/cmake --install /home/ibrahim/Quadbot/build/quadbot_nodes
