[0.025s] Invoking command in '/home/ibrahim/Quadbot/build/quadbot_nodes': CMAKE_PREFIX_PATH=${CMAKE_PREFIX_PATH}:/home/ibrahim/RobotArm/install/main_arm_package:/home/ibrahim/RobotArm/install/action_interfaces:/opt/ros/humble /usr/bin/cmake --build /home/ibrahim/Quadbot/build/quadbot_nodes -- -j16 -l16
[0.163s] [ 50%] Building CXX object CMakeFiles/JointMover.dir/src/JointMover.cpp.o
[5.086s] [100%] Linking CXX executable JointMover
[5.485s] [100%] Built target JointMover
[5.501s] Invoked command in '/home/ibrahim/Quadbot/build/quadbot_nodes' returned '0': CMAKE_PREFIX_PATH=${CMAKE_PREFIX_PATH}:/home/ibrahim/RobotArm/install/main_arm_package:/home/ibrahim/RobotArm/install/action_interfaces:/opt/ros/humble /usr/bin/cmake --build /home/ibrahim/Quadbot/build/quadbot_nodes -- -j16 -l16
[5.519s] Invoking command in '/home/ibrahim/Quadbot/build/quadbot_nodes': CMAKE_PREFIX_PATH=${CMAKE_PREFIX_PATH}:/home/ibrahim/RobotArm/install/main_arm_package:/home/ibrahim/RobotArm/install/action_interfaces:/opt/ros/humble /usr/bin/cmake --install /home/ibrahim/Quadbot/build/quadbot_nodes
[5.534s] -- Install configuration: ""
[5.536s] -- Installing: /home/ibrahim/Quadbot/install/quadbot_nodes/lib/quadbot_nodes/JointMover
[5.539s] -- Set runtime path of "/home/ibrahim/Quadbot/install/quadbot_nodes/lib/quadbot_nodes/JointMover" to ""
[5.539s] -- Up-to-date: /home/ibrahim/Quadbot/install/quadbot_nodes/share/quadbot_nodes/launch
[5.539s] -- Installing: /home/ibrahim/Quadbot/install/quadbot_nodes/share/quadbot_nodes/launch/bringup.launch.py
[5.541s] -- Up-to-date: /home/ibrahim/Quadbot/install/quadbot_nodes/share/quadbot_nodes/launch/display.launch.py
[5.541s] -- Up-to-date: /home/ibrahim/Quadbot/install/quadbot_nodes/share/quadbot_nodes/launch/__pycache__
[5.542s] -- Installing: /home/ibrahim/Quadbot/install/quadbot_nodes/share/quadbot_nodes/launch/__pycache__/bringup.launch.cpython-310.pyc
[5.544s] -- Up-to-date: /home/ibrahim/Quadbot/install/quadbot_nodes/share/quadbot_nodes/launch/__pycache__/gazebo.launch.cpython-310.pyc
[5.545s] -- Up-to-date: /home/ibrahim/Quadbot/install/quadbot_nodes/share/quadbot_nodes/launch/gazebo.launch.py
[5.545s] -- Up-to-date: /home/ibrahim/Quadbot/install/quadbot_nodes/share/quadbot_nodes/urdf
[5.545s] -- Installing: /home/ibrahim/Quadbot/install/quadbot_nodes/share/quadbot_nodes/urdf/robot.urdf
[5.547s] -- Up-to-date: /home/ibrahim/Quadbot/install/quadbot_nodes/share/quadbot_nodes/rviz
[5.548s] -- Up-to-date: /home/ibrahim/Quadbot/install/quadbot_nodes/share/quadbot_nodes/rviz/model.rviz
[5.548s] -- Up-to-date: /home/ibrahim/Quadbot/install/quadbot_nodes/share/quadbot_nodes/config
[5.548s] -- Up-to-date: /home/ibrahim/Quadbot/install/quadbot_nodes/share/quadbot_nodes/config/test.yaml
[5.548s] -- Installing: /home/ibrahim/Quadbot/install/quadbot_nodes/share/quadbot_nodes/config/quadbot_controllers.yaml
[5.550s] -- Up-to-date: /home/ibrahim/Quadbot/install/quadbot_nodes/share/ament_index/resource_index/package_run_dependencies/quadbot_nodes
[5.550s] -- Up-to-date: /home/ibrahim/Quadbot/install/quadbot_nodes/share/ament_index/resource_index/parent_prefix_path/quadbot_nodes
[5.550s] -- Up-to-date: /home/ibrahim/Quadbot/install/quadbot_nodes/share/quadbot_nodes/environment/ament_prefix_path.sh
[5.551s] -- Up-to-date: /home/ibrahim/Quadbot/install/quadbot_nodes/share/quadbot_nodes/environment/ament_prefix_path.dsv
[5.551s] -- Up-to-date: /home/ibrahim/Quadbot/install/quadbot_nodes/share/quadbot_nodes/environment/path.sh
[5.551s] -- Up-to-date: /home/ibrahim/Quadbot/install/quadbot_nodes/share/quadbot_nodes/environment/path.dsv
[5.551s] -- Up-to-date: /home/ibrahim/Quadbot/install/quadbot_nodes/share/quadbot_nodes/local_setup.bash
[5.551s] -- Up-to-date: /home/ibrahim/Quadbot/install/quadbot_nodes/share/quadbot_nodes/local_setup.sh
[5.551s] -- Up-to-date: /home/ibrahim/Quadbot/install/quadbot_nodes/share/quadbot_nodes/local_setup.zsh
[5.551s] -- Up-to-date: /home/ibrahim/Quadbot/install/quadbot_nodes/share/quadbot_nodes/local_setup.dsv
[5.551s] -- Installing: /home/ibrahim/Quadbot/install/quadbot_nodes/share/quadbot_nodes/package.dsv
[5.552s] -- Up-to-date: /home/ibrahim/Quadbot/install/quadbot_nodes/share/ament_index/resource_index/packages/quadbot_nodes
[5.553s] -- Up-to-date: /home/ibrahim/Quadbot/install/quadbot_nodes/share/quadbot_nodes/cmake/quadbot_nodesConfig.cmake
[5.553s] -- Up-to-date: /home/ibrahim/Quadbot/install/quadbot_nodes/share/quadbot_nodes/cmake/quadbot_nodesConfig-version.cmake
[5.554s] -- Up-to-date: /home/ibrahim/Quadbot/install/quadbot_nodes/share/quadbot_nodes/package.xml
[5.557s] Invoked command in '/home/ibrahim/Quadbot/build/quadbot_nodes' returned '0': CMAKE_PREFIX_PATH=${CMAKE_PREFIX_PATH}:/home/ibrahim/RobotArm/install/main_arm_package:/home/ibrahim/RobotArm/install/action_interfaces:/opt/ros/humble /usr/bin/cmake --install /home/ibrahim/Quadbot/build/quadbot_nodes
