[0.016s] Invoking command in '/home/ibrahim/Quadbot/build/quadbot_nodes': CMAKE_PREFIX_PATH=${CMAKE_PREFIX_PATH}:/home/ibrahim/RobotArm/install/main_arm_package:/home/ibrahim/RobotArm/install/action_interfaces:/opt/ros/humble /usr/bin/cmake --build /home/ibrahim/Quadbot/build/quadbot_nodes -- -j16 -l16
[0.050s] -- Found ament_cmake: 1.3.14 (/opt/ros/humble/share/ament_cmake/cmake)
[0.192s] -- Found ament_lint_auto: 0.12.15 (/opt/ros/humble/share/ament_lint_auto/cmake)
[0.250s] -- Added test 'cppcheck' to perform static code analysis on C / C++ code
[0.250s] -- Configured cppcheck include dirs: $<BUILD_INTERFACE:/home/ibrahim/Quadbot/src/quadbot_nodes/include>
[0.250s] -- Configured cppcheck exclude dirs and/or files: 
[0.251s] -- Added test 'flake8' to check Python code syntax and style conventions
[0.252s] -- Added test 'lint_cmake' to check CMake code style
[0.252s] -- Added test 'pep257' to check Python code against some of the docstring style conventions in PEP 257
[0.254s] -- Added test 'uncrustify' to check C / C++ code style
[0.255s] -- Configured uncrustify additional arguments: 
[0.255s] -- Added test 'xmllint' to check XML markup files
[0.256s] -- Configuring done
[0.263s] -- Generating done
[0.267s] -- Build files have been written to: /home/ibrahim/Quadbot/build/quadbot_nodes
[0.302s] [35m[1mConsolidate compiler generated dependencies of target JointMover[0m
[0.318s] [100%] Built target JointMover
[0.332s] Invoked command in '/home/ibrahim/Quadbot/build/quadbot_nodes' returned '0': CMAKE_PREFIX_PATH=${CMAKE_PREFIX_PATH}:/home/ibrahim/RobotArm/install/main_arm_package:/home/ibrahim/RobotArm/install/action_interfaces:/opt/ros/humble /usr/bin/cmake --build /home/ibrahim/Quadbot/build/quadbot_nodes -- -j16 -l16
[0.344s] Invoking command in '/home/ibrahim/Quadbot/build/quadbot_nodes': CMAKE_PREFIX_PATH=${CMAKE_PREFIX_PATH}:/home/ibrahim/RobotArm/install/main_arm_package:/home/ibrahim/RobotArm/install/action_interfaces:/opt/ros/humble /usr/bin/cmake --install /home/ibrahim/Quadbot/build/quadbot_nodes
[0.353s] -- Install configuration: ""
[0.354s] -- Up-to-date: /home/ibrahim/Quadbot/install/quadbot_nodes/lib/quadbot_nodes/JointMover
[0.354s] -- Installing: /home/ibrahim/Quadbot/install/quadbot_nodes/share/quadbot_nodes/launch
[0.354s] -- Installing: /home/ibrahim/Quadbot/install/quadbot_nodes/share/quadbot_nodes/launch/display.launch.py
[0.355s] -- Installing: /home/ibrahim/Quadbot/install/quadbot_nodes/share/quadbot_nodes/urdf
[0.355s] -- Installing: /home/ibrahim/Quadbot/install/quadbot_nodes/share/quadbot_nodes/urdf/robot.urdf
[0.355s] -- Installing: /home/ibrahim/Quadbot/install/quadbot_nodes/share/quadbot_nodes/rviz
[0.356s] -- Installing: /home/ibrahim/Quadbot/install/quadbot_nodes/share/quadbot_nodes/config
[0.356s] -- Up-to-date: /home/ibrahim/Quadbot/install/quadbot_nodes/share/ament_index/resource_index/package_run_dependencies/quadbot_nodes
[0.356s] -- Installing: /home/ibrahim/Quadbot/install/quadbot_nodes/share/ament_index/resource_index/parent_prefix_path/quadbot_nodes
[0.356s] -- Up-to-date: /home/ibrahim/Quadbot/install/quadbot_nodes/share/quadbot_nodes/environment/ament_prefix_path.sh
[0.357s] -- Installing: /home/ibrahim/Quadbot/install/quadbot_nodes/share/quadbot_nodes/environment/ament_prefix_path.dsv
[0.357s] -- Up-to-date: /home/ibrahim/Quadbot/install/quadbot_nodes/share/quadbot_nodes/environment/path.sh
[0.357s] -- Installing: /home/ibrahim/Quadbot/install/quadbot_nodes/share/quadbot_nodes/environment/path.dsv
[0.357s] -- Up-to-date: /home/ibrahim/Quadbot/install/quadbot_nodes/share/quadbot_nodes/local_setup.bash
[0.358s] -- Up-to-date: /home/ibrahim/Quadbot/install/quadbot_nodes/share/quadbot_nodes/local_setup.sh
[0.358s] -- Up-to-date: /home/ibrahim/Quadbot/install/quadbot_nodes/share/quadbot_nodes/local_setup.zsh
[0.358s] -- Installing: /home/ibrahim/Quadbot/install/quadbot_nodes/share/quadbot_nodes/local_setup.dsv
[0.358s] -- Installing: /home/ibrahim/Quadbot/install/quadbot_nodes/share/quadbot_nodes/package.dsv
[0.358s] -- Up-to-date: /home/ibrahim/Quadbot/install/quadbot_nodes/share/ament_index/resource_index/packages/quadbot_nodes
[0.358s] -- Up-to-date: /home/ibrahim/Quadbot/install/quadbot_nodes/share/quadbot_nodes/cmake/quadbot_nodesConfig.cmake
[0.358s] -- Up-to-date: /home/ibrahim/Quadbot/install/quadbot_nodes/share/quadbot_nodes/cmake/quadbot_nodesConfig-version.cmake
[0.358s] -- Up-to-date: /home/ibrahim/Quadbot/install/quadbot_nodes/share/quadbot_nodes/package.xml
[0.361s] Invoked command in '/home/ibrahim/Quadbot/build/quadbot_nodes' returned '0': CMAKE_PREFIX_PATH=${CMAKE_PREFIX_PATH}:/home/ibrahim/RobotArm/install/main_arm_package:/home/ibrahim/RobotArm/install/action_interfaces:/opt/ros/humble /usr/bin/cmake --install /home/ibrahim/Quadbot/build/quadbot_nodes
