[0.365s] DEBUG:colcon:Command line arguments: ['/usr/bin/colcon', 'build']
[0.365s] DEBUG:colcon:Parsed command line arguments: Namespace(log_base=None, log_level=None, verb_name='build', build_base='build', install_base='install', merge_install=False, symlink_install=False, test_result_base=None, continue_on_error=False, executor='parallel', parallel_workers=16, event_handlers=None, ignore_user_meta=False, metas=['./colcon.meta'], base_paths=['.'], packages_ignore=None, packages_ignore_regex=None, paths=None, packages_up_to=None, packages_up_to_regex=None, packages_above=None, packages_above_and_dependencies=None, packages_above_depth=None, packages_select_by_dep=None, packages_skip_by_dep=None, packages_skip_up_to=None, packages_select_build_failed=False, packages_skip_build_finished=False, packages_select_test_failures=False, packages_skip_test_passed=False, packages_select=None, packages_skip=None, packages_select_regex=None, packages_skip_regex=None, packages_start=None, packages_end=None, allow_overriding=[], cmake_args=None, cmake_target=None, cmake_target_skip_unavailable=False, cmake_clean_cache=False, cmake_clean_first=False, cmake_force_configure=False, ament_cmake_args=None, catkin_cmake_args=None, catkin_skip_building_tests=False, verb_parser=<colcon_defaults.argument_parser.defaults.DefaultArgumentsDecorator object at 0x7bcaf44f8f40>, verb_extension=<colcon_core.verb.build.BuildVerb object at 0x7bcaf44f8970>, main=<bound method BuildVerb.main of <colcon_core.verb.build.BuildVerb object at 0x7bcaf44f8970>>)
[0.610s] Level 1:colcon.colcon_core.package_discovery:discover_packages(colcon_meta) check parameters
[0.610s] Level 1:colcon.colcon_core.package_discovery:discover_packages(recursive) check parameters
[0.611s] Level 1:colcon.colcon_core.package_discovery:discover_packages(ignore) check parameters
[0.611s] Level 1:colcon.colcon_core.package_discovery:discover_packages(path) check parameters
[0.611s] Level 1:colcon.colcon_core.package_discovery:discover_packages(colcon_meta) discover
[0.611s] Level 1:colcon.colcon_core.package_discovery:discover_packages(recursive) discover
[0.611s] INFO:colcon.colcon_core.package_discovery:Crawling recursively for packages in '/home/ibrahim/Quadbot'
[0.611s] Level 1:colcon.colcon_core.package_identification:_identify(.) by extensions ['ignore', 'ignore_ament_install']
[0.612s] Level 1:colcon.colcon_core.package_identification:_identify(.) by extension 'ignore'
[0.612s] Level 1:colcon.colcon_core.package_identification:_identify(.) by extension 'ignore_ament_install'
[0.612s] Level 1:colcon.colcon_core.package_identification:_identify(.) by extensions ['colcon_pkg']
[0.612s] Level 1:colcon.colcon_core.package_identification:_identify(.) by extension 'colcon_pkg'
[0.612s] Level 1:colcon.colcon_core.package_identification:_identify(.) by extensions ['colcon_meta']
[0.612s] Level 1:colcon.colcon_core.package_identification:_identify(.) by extension 'colcon_meta'
[0.613s] Level 1:colcon.colcon_core.package_identification:_identify(.) by extensions ['ros']
[0.613s] Level 1:colcon.colcon_core.package_identification:_identify(.) by extension 'ros'
[0.631s] Level 1:colcon.colcon_core.package_identification:_identify(.) by extensions ['cmake', 'python']
[0.631s] Level 1:colcon.colcon_core.package_identification:_identify(.) by extension 'cmake'
[0.631s] Level 1:colcon.colcon_core.package_identification:_identify(.) by extension 'python'
[0.631s] Level 1:colcon.colcon_core.package_identification:_identify(.) by extensions ['python_setup_py']
[0.631s] Level 1:colcon.colcon_core.package_identification:_identify(.) by extension 'python_setup_py'
[0.632s] Level 1:colcon.colcon_core.package_identification:_identify(build) by extensions ['ignore', 'ignore_ament_install']
[0.632s] Level 1:colcon.colcon_core.package_identification:_identify(build) by extension 'ignore'
[0.632s] Level 1:colcon.colcon_core.package_identification:_identify(build) ignored
[0.632s] Level 1:colcon.colcon_core.package_identification:_identify(install) by extensions ['ignore', 'ignore_ament_install']
[0.632s] Level 1:colcon.colcon_core.package_identification:_identify(install) by extension 'ignore'
[0.633s] Level 1:colcon.colcon_core.package_identification:_identify(install) ignored
[0.633s] Level 1:colcon.colcon_core.package_identification:_identify(log) by extensions ['ignore', 'ignore_ament_install']
[0.633s] Level 1:colcon.colcon_core.package_identification:_identify(log) by extension 'ignore'
[0.633s] Level 1:colcon.colcon_core.package_identification:_identify(log) ignored
[0.633s] Level 1:colcon.colcon_core.package_identification:_identify(src) by extensions ['ignore', 'ignore_ament_install']
[0.633s] Level 1:colcon.colcon_core.package_identification:_identify(src) by extension 'ignore'
[0.634s] Level 1:colcon.colcon_core.package_identification:_identify(src) by extension 'ignore_ament_install'
[0.634s] Level 1:colcon.colcon_core.package_identification:_identify(src) by extensions ['colcon_pkg']
[0.634s] Level 1:colcon.colcon_core.package_identification:_identify(src) by extension 'colcon_pkg'
[0.634s] Level 1:colcon.colcon_core.package_identification:_identify(src) by extensions ['colcon_meta']
[0.634s] Level 1:colcon.colcon_core.package_identification:_identify(src) by extension 'colcon_meta'
[0.634s] Level 1:colcon.colcon_core.package_identification:_identify(src) by extensions ['ros']
[0.634s] Level 1:colcon.colcon_core.package_identification:_identify(src) by extension 'ros'
[0.635s] Level 1:colcon.colcon_core.package_identification:_identify(src) by extensions ['cmake', 'python']
[0.635s] Level 1:colcon.colcon_core.package_identification:_identify(src) by extension 'cmake'
[0.635s] Level 1:colcon.colcon_core.package_identification:_identify(src) by extension 'python'
[0.635s] Level 1:colcon.colcon_core.package_identification:_identify(src) by extensions ['python_setup_py']
[0.635s] Level 1:colcon.colcon_core.package_identification:_identify(src) by extension 'python_setup_py'
[0.635s] Level 1:colcon.colcon_core.package_identification:_identify(src/quadbot_nodes) by extensions ['ignore', 'ignore_ament_install']
[0.635s] Level 1:colcon.colcon_core.package_identification:_identify(src/quadbot_nodes) by extension 'ignore'
[0.635s] Level 1:colcon.colcon_core.package_identification:_identify(src/quadbot_nodes) by extension 'ignore_ament_install'
[0.636s] Level 1:colcon.colcon_core.package_identification:_identify(src/quadbot_nodes) by extensions ['colcon_pkg']
[0.636s] Level 1:colcon.colcon_core.package_identification:_identify(src/quadbot_nodes) by extension 'colcon_pkg'
[0.636s] Level 1:colcon.colcon_core.package_identification:_identify(src/quadbot_nodes) by extensions ['colcon_meta']
[0.636s] Level 1:colcon.colcon_core.package_identification:_identify(src/quadbot_nodes) by extension 'colcon_meta'
[0.636s] Level 1:colcon.colcon_core.package_identification:_identify(src/quadbot_nodes) by extensions ['ros']
[0.636s] Level 1:colcon.colcon_core.package_identification:_identify(src/quadbot_nodes) by extension 'ros'
[0.639s] DEBUG:colcon.colcon_core.package_identification:Package 'src/quadbot_nodes' with type 'ros.ament_cmake' and name 'quadbot_nodes'
[0.639s] Level 1:colcon.colcon_core.package_discovery:discover_packages(recursive) using defaults
[0.639s] Level 1:colcon.colcon_core.package_discovery:discover_packages(ignore) discover
[0.639s] Level 1:colcon.colcon_core.package_discovery:discover_packages(ignore) using defaults
[0.640s] Level 1:colcon.colcon_core.package_discovery:discover_packages(path) discover
[0.640s] Level 1:colcon.colcon_core.package_discovery:discover_packages(path) using defaults
[0.673s] Level 1:colcon.colcon_core.package_discovery:discover_packages(prefix_path) check parameters
[0.674s] Level 1:colcon.colcon_core.package_discovery:discover_packages(prefix_path) discover
[0.690s] DEBUG:colcon.colcon_installed_package_information.package_discovery:Found 1 installed packages in /home/ibrahim/Quadbot/install
[0.691s] DEBUG:colcon.colcon_installed_package_information.package_discovery:Found 2 installed packages in /home/ibrahim/MoveItArm/install
[0.692s] DEBUG:colcon.colcon_installed_package_information.package_discovery:Found 2 installed packages in /home/ibrahim/RobotArmExpanded/install
[0.693s] DEBUG:colcon.colcon_installed_package_information.package_discovery:Found 2 installed packages in /home/ibrahim/RobotArm/install
[0.694s] DEBUG:colcon.colcon_installed_package_information.package_discovery:Found 1 installed packages in /home/ibrahim/TF2Sample/install
[0.695s] DEBUG:colcon.colcon_installed_package_information.package_discovery:Found 2 installed packages in /home/ibrahim/RobotNav/install
[0.696s] DEBUG:colcon.colcon_installed_package_information.package_discovery:Found 1 installed packages in /home/ibrahim/RobotMonitor/install
[0.697s] DEBUG:colcon.colcon_installed_package_information.package_discovery:Found 2 installed packages in /home/ibrahim/ros2_ws/install
[0.702s] DEBUG:colcon.colcon_installed_package_information.package_discovery:Found 430 installed packages in /opt/ros/humble
[0.705s] Level 1:colcon.colcon_core.package_discovery:discover_packages(prefix_path) using defaults
[1.766s] Level 5:colcon.colcon_core.verb:set package 'quadbot_nodes' build argument 'cmake_args' from command line to 'None'
[1.766s] Level 5:colcon.colcon_core.verb:set package 'quadbot_nodes' build argument 'cmake_target' from command line to 'None'
[1.766s] Level 5:colcon.colcon_core.verb:set package 'quadbot_nodes' build argument 'cmake_target_skip_unavailable' from command line to 'False'
[1.766s] Level 5:colcon.colcon_core.verb:set package 'quadbot_nodes' build argument 'cmake_clean_cache' from command line to 'False'
[1.766s] Level 5:colcon.colcon_core.verb:set package 'quadbot_nodes' build argument 'cmake_clean_first' from command line to 'False'
[1.766s] Level 5:colcon.colcon_core.verb:set package 'quadbot_nodes' build argument 'cmake_force_configure' from command line to 'False'
[1.766s] Level 5:colcon.colcon_core.verb:set package 'quadbot_nodes' build argument 'ament_cmake_args' from command line to 'None'
[1.766s] Level 5:colcon.colcon_core.verb:set package 'quadbot_nodes' build argument 'catkin_cmake_args' from command line to 'None'
[1.766s] Level 5:colcon.colcon_core.verb:set package 'quadbot_nodes' build argument 'catkin_skip_building_tests' from command line to 'False'
[1.766s] DEBUG:colcon.colcon_core.verb:Building package 'quadbot_nodes' with the following arguments: {'ament_cmake_args': None, 'build_base': '/home/ibrahim/Quadbot/build/quadbot_nodes', 'catkin_cmake_args': None, 'catkin_skip_building_tests': False, 'cmake_args': None, 'cmake_clean_cache': False, 'cmake_clean_first': False, 'cmake_force_configure': False, 'cmake_target': None, 'cmake_target_skip_unavailable': False, 'install_base': '/home/ibrahim/Quadbot/install/quadbot_nodes', 'merge_install': False, 'path': '/home/ibrahim/Quadbot/src/quadbot_nodes', 'symlink_install': False, 'test_result_base': None}
[1.767s] INFO:colcon.colcon_core.executor:Executing jobs using 'parallel' executor
[1.769s] DEBUG:colcon.colcon_parallel_executor.executor.parallel:run_until_complete
[1.769s] INFO:colcon.colcon_ros.task.ament_cmake.build:Building ROS package in '/home/ibrahim/Quadbot/src/quadbot_nodes' with build type 'ament_cmake'
[1.770s] INFO:colcon.colcon_cmake.task.cmake.build:Building CMake package in '/home/ibrahim/Quadbot/src/quadbot_nodes'
[1.773s] INFO:colcon.colcon_core.plugin_system:Skipping extension 'colcon_core.shell.bat': Not used on non-Windows systems
[1.774s] INFO:colcon.colcon_core.shell:Skip shell extension 'powershell' for command environment: Not usable outside of PowerShell
[1.774s] DEBUG:colcon.colcon_core.shell:Skip shell extension 'dsv' for command environment
[1.809s] DEBUG:colcon.colcon_core.event_handler.log_command:Invoking command in '/home/ibrahim/Quadbot/build/quadbot_nodes': CMAKE_PREFIX_PATH=${CMAKE_PREFIX_PATH}:/home/ibrahim/RobotArm/install/main_arm_package:/home/ibrahim/RobotArm/install/action_interfaces:/opt/ros/humble /usr/bin/cmake --build /home/ibrahim/Quadbot/build/quadbot_nodes -- -j16 -l16
[1.955s] DEBUG:colcon.colcon_core.event_handler.log_command:Invoked command in '/home/ibrahim/Quadbot/build/quadbot_nodes' returned '0': CMAKE_PREFIX_PATH=${CMAKE_PREFIX_PATH}:/home/ibrahim/RobotArm/install/main_arm_package:/home/ibrahim/RobotArm/install/action_interfaces:/opt/ros/humble /usr/bin/cmake --build /home/ibrahim/Quadbot/build/quadbot_nodes -- -j16 -l16
[1.978s] DEBUG:colcon.colcon_core.event_handler.log_command:Invoking command in '/home/ibrahim/Quadbot/build/quadbot_nodes': CMAKE_PREFIX_PATH=${CMAKE_PREFIX_PATH}:/home/ibrahim/RobotArm/install/main_arm_package:/home/ibrahim/RobotArm/install/action_interfaces:/opt/ros/humble /usr/bin/cmake --install /home/ibrahim/Quadbot/build/quadbot_nodes
[2.005s] Level 1:colcon.colcon_core.environment:create_environment_scripts_only(quadbot_nodes)
[2.007s] DEBUG:colcon.colcon_core.event_handler.log_command:Invoked command in '/home/ibrahim/Quadbot/build/quadbot_nodes' returned '0': CMAKE_PREFIX_PATH=${CMAKE_PREFIX_PATH}:/home/ibrahim/RobotArm/install/main_arm_package:/home/ibrahim/RobotArm/install/action_interfaces:/opt/ros/humble /usr/bin/cmake --install /home/ibrahim/Quadbot/build/quadbot_nodes
[2.010s] Level 1:colcon.colcon_core.environment:checking '/home/ibrahim/Quadbot/install/quadbot_nodes' for CMake module files
[2.011s] Level 1:colcon.colcon_core.environment:checking '/home/ibrahim/Quadbot/install/quadbot_nodes' for CMake config files
[2.012s] Level 1:colcon.colcon_core.shell:create_environment_hook('quadbot_nodes', 'cmake_prefix_path')
[2.012s] INFO:colcon.colcon_core.shell:Creating environment hook '/home/ibrahim/Quadbot/install/quadbot_nodes/share/quadbot_nodes/hook/cmake_prefix_path.ps1'
[2.013s] INFO:colcon.colcon_core.shell:Creating environment descriptor '/home/ibrahim/Quadbot/install/quadbot_nodes/share/quadbot_nodes/hook/cmake_prefix_path.dsv'
[2.014s] INFO:colcon.colcon_core.shell:Creating environment hook '/home/ibrahim/Quadbot/install/quadbot_nodes/share/quadbot_nodes/hook/cmake_prefix_path.sh'
[2.015s] Level 1:colcon.colcon_core.environment:checking '/home/ibrahim/Quadbot/install/quadbot_nodes/lib'
[2.016s] Level 1:colcon.colcon_core.environment:checking '/home/ibrahim/Quadbot/install/quadbot_nodes/bin'
[2.016s] Level 1:colcon.colcon_core.environment:checking '/home/ibrahim/Quadbot/install/quadbot_nodes/lib/pkgconfig/quadbot_nodes.pc'
[2.016s] Level 1:colcon.colcon_core.environment:checking '/home/ibrahim/Quadbot/install/quadbot_nodes/lib/python3.10/site-packages'
[2.017s] Level 1:colcon.colcon_core.environment:checking '/home/ibrahim/Quadbot/install/quadbot_nodes/bin'
[2.017s] INFO:colcon.colcon_core.shell:Creating package script '/home/ibrahim/Quadbot/install/quadbot_nodes/share/quadbot_nodes/package.ps1'
[2.019s] INFO:colcon.colcon_core.shell:Creating package descriptor '/home/ibrahim/Quadbot/install/quadbot_nodes/share/quadbot_nodes/package.dsv'
[2.020s] INFO:colcon.colcon_core.shell:Creating package script '/home/ibrahim/Quadbot/install/quadbot_nodes/share/quadbot_nodes/package.sh'
[2.021s] INFO:colcon.colcon_core.shell:Creating package script '/home/ibrahim/Quadbot/install/quadbot_nodes/share/quadbot_nodes/package.bash'
[2.022s] INFO:colcon.colcon_core.shell:Creating package script '/home/ibrahim/Quadbot/install/quadbot_nodes/share/quadbot_nodes/package.zsh'
[2.023s] Level 1:colcon.colcon_core.environment:create_file_with_runtime_dependencies(/home/ibrahim/Quadbot/install/quadbot_nodes/share/colcon-core/packages/quadbot_nodes)
[2.024s] Level 1:colcon.colcon_core.environment:create_environment_scripts_only(quadbot_nodes)
[2.024s] Level 1:colcon.colcon_core.environment:checking '/home/ibrahim/Quadbot/install/quadbot_nodes' for CMake module files
[2.025s] Level 1:colcon.colcon_core.environment:checking '/home/ibrahim/Quadbot/install/quadbot_nodes' for CMake config files
[2.026s] Level 1:colcon.colcon_core.shell:create_environment_hook('quadbot_nodes', 'cmake_prefix_path')
[2.026s] INFO:colcon.colcon_core.shell:Creating environment hook '/home/ibrahim/Quadbot/install/quadbot_nodes/share/quadbot_nodes/hook/cmake_prefix_path.ps1'
[2.027s] INFO:colcon.colcon_core.shell:Creating environment descriptor '/home/ibrahim/Quadbot/install/quadbot_nodes/share/quadbot_nodes/hook/cmake_prefix_path.dsv'
[2.028s] INFO:colcon.colcon_core.shell:Creating environment hook '/home/ibrahim/Quadbot/install/quadbot_nodes/share/quadbot_nodes/hook/cmake_prefix_path.sh'
[2.029s] Level 1:colcon.colcon_core.environment:checking '/home/ibrahim/Quadbot/install/quadbot_nodes/lib'
[2.029s] Level 1:colcon.colcon_core.environment:checking '/home/ibrahim/Quadbot/install/quadbot_nodes/bin'
[2.029s] Level 1:colcon.colcon_core.environment:checking '/home/ibrahim/Quadbot/install/quadbot_nodes/lib/pkgconfig/quadbot_nodes.pc'
[2.030s] Level 1:colcon.colcon_core.environment:checking '/home/ibrahim/Quadbot/install/quadbot_nodes/lib/python3.10/site-packages'
[2.030s] Level 1:colcon.colcon_core.environment:checking '/home/ibrahim/Quadbot/install/quadbot_nodes/bin'
[2.031s] INFO:colcon.colcon_core.shell:Creating package script '/home/ibrahim/Quadbot/install/quadbot_nodes/share/quadbot_nodes/package.ps1'
[2.032s] INFO:colcon.colcon_core.shell:Creating package descriptor '/home/ibrahim/Quadbot/install/quadbot_nodes/share/quadbot_nodes/package.dsv'
[2.033s] INFO:colcon.colcon_core.shell:Creating package script '/home/ibrahim/Quadbot/install/quadbot_nodes/share/quadbot_nodes/package.sh'
[2.034s] INFO:colcon.colcon_core.shell:Creating package script '/home/ibrahim/Quadbot/install/quadbot_nodes/share/quadbot_nodes/package.bash'
[2.035s] INFO:colcon.colcon_core.shell:Creating package script '/home/ibrahim/Quadbot/install/quadbot_nodes/share/quadbot_nodes/package.zsh'
[2.035s] Level 1:colcon.colcon_core.environment:create_file_with_runtime_dependencies(/home/ibrahim/Quadbot/install/quadbot_nodes/share/colcon-core/packages/quadbot_nodes)
[2.036s] DEBUG:colcon.colcon_parallel_executor.executor.parallel:closing loop
[2.037s] DEBUG:colcon.colcon_parallel_executor.executor.parallel:loop closed
[2.037s] DEBUG:colcon.colcon_parallel_executor.executor.parallel:run_until_complete finished with '0'
[2.038s] DEBUG:colcon.colcon_core.event_reactor:joining thread
[2.113s] INFO:colcon.colcon_core.plugin_system:Skipping extension 'colcon_notification.desktop_notification.notify_send': Could not find 'notify-send'
[2.113s] INFO:colcon.colcon_core.plugin_system:Skipping extension 'colcon_notification.desktop_notification.terminal_notifier': Not used on non-Darwin systems
[2.114s] INFO:colcon.colcon_core.plugin_system:Skipping extension 'colcon_notification.desktop_notification.win32': Not used on non-Windows systems
[2.114s] INFO:colcon.colcon_notification.desktop_notification:Sending desktop notification using 'notify2'
[2.114s] DEBUG:colcon.colcon_notification.desktop_notification.notify2:Failed to initialize notify2: org.freedesktop.DBus.Error.FileNotFound: Failed to connect to socket /run/user/1000/bus: No such file or directory
[2.114s] DEBUG:colcon.colcon_core.event_reactor:joined thread
[2.115s] INFO:colcon.colcon_core.shell:Creating prefix script '/home/ibrahim/Quadbot/install/local_setup.ps1'
[2.116s] INFO:colcon.colcon_core.shell:Creating prefix util module '/home/ibrahim/Quadbot/install/_local_setup_util_ps1.py'
[2.119s] INFO:colcon.colcon_core.shell:Creating prefix chain script '/home/ibrahim/Quadbot/install/setup.ps1'
[2.122s] INFO:colcon.colcon_core.shell:Creating prefix script '/home/ibrahim/Quadbot/install/local_setup.sh'
[2.124s] INFO:colcon.colcon_core.shell:Creating prefix util module '/home/ibrahim/Quadbot/install/_local_setup_util_sh.py'
[2.125s] INFO:colcon.colcon_core.shell:Creating prefix chain script '/home/ibrahim/Quadbot/install/setup.sh'
[2.127s] INFO:colcon.colcon_core.shell:Creating prefix script '/home/ibrahim/Quadbot/install/local_setup.bash'
[2.128s] INFO:colcon.colcon_core.shell:Creating prefix chain script '/home/ibrahim/Quadbot/install/setup.bash'
[2.131s] INFO:colcon.colcon_core.shell:Creating prefix script '/home/ibrahim/Quadbot/install/local_setup.zsh'
[2.132s] INFO:colcon.colcon_core.shell:Creating prefix chain script '/home/ibrahim/Quadbot/install/setup.zsh'
