[0.184s] DEBUG:colcon:Command line arguments: ['/usr/bin/colcon', 'build']
[0.184s] DEBUG:colcon:Parsed command line arguments: Namespace(log_base=None, log_level=None, verb_name='build', build_base='build', install_base='install', merge_install=False, symlink_install=False, test_result_base=None, continue_on_error=False, executor='parallel', parallel_workers=16, event_handlers=None, ignore_user_meta=False, metas=['./colcon.meta'], base_paths=['.'], packages_ignore=None, packages_ignore_regex=None, paths=None, packages_up_to=None, packages_up_to_regex=None, packages_above=None, packages_above_and_dependencies=None, packages_above_depth=None, packages_select_by_dep=None, packages_skip_by_dep=None, packages_skip_up_to=None, packages_select_build_failed=False, packages_skip_build_finished=False, packages_select_test_failures=False, packages_skip_test_passed=False, packages_select=None, packages_skip=None, packages_select_regex=None, packages_skip_regex=None, packages_start=None, packages_end=None, allow_overriding=[], cmake_args=None, cmake_target=None, cmake_target_skip_unavailable=False, cmake_clean_cache=False, cmake_clean_first=False, cmake_force_configure=False, ament_cmake_args=None, catkin_cmake_args=None, catkin_skip_building_tests=False, verb_parser=<colcon_defaults.argument_parser.defaults.DefaultArgumentsDecorator object at 0x7f1e8bc58f40>, verb_extension=<colcon_core.verb.build.BuildVerb object at 0x7f1e8bc58970>, main=<bound method BuildVerb.main of <colcon_core.verb.build.BuildVerb object at 0x7f1e8bc58970>>)
[0.320s] Level 1:colcon.colcon_core.package_discovery:discover_packages(colcon_meta) check parameters
[0.320s] Level 1:colcon.colcon_core.package_discovery:discover_packages(recursive) check parameters
[0.320s] Level 1:colcon.colcon_core.package_discovery:discover_packages(ignore) check parameters
[0.320s] Level 1:colcon.colcon_core.package_discovery:discover_packages(path) check parameters
[0.320s] Level 1:colcon.colcon_core.package_discovery:discover_packages(colcon_meta) discover
[0.320s] Level 1:colcon.colcon_core.package_discovery:discover_packages(recursive) discover
[0.320s] INFO:colcon.colcon_core.package_discovery:Crawling recursively for packages in '/home/ibrahim/Quadbot'
[0.320s] Level 1:colcon.colcon_core.package_identification:_identify(.) by extensions ['ignore', 'ignore_ament_install']
[0.321s] Level 1:colcon.colcon_core.package_identification:_identify(.) by extension 'ignore'
[0.321s] Level 1:colcon.colcon_core.package_identification:_identify(.) by extension 'ignore_ament_install'
[0.321s] Level 1:colcon.colcon_core.package_identification:_identify(.) by extensions ['colcon_pkg']
[0.321s] Level 1:colcon.colcon_core.package_identification:_identify(.) by extension 'colcon_pkg'
[0.321s] Level 1:colcon.colcon_core.package_identification:_identify(.) by extensions ['colcon_meta']
[0.321s] Level 1:colcon.colcon_core.package_identification:_identify(.) by extension 'colcon_meta'
[0.321s] Level 1:colcon.colcon_core.package_identification:_identify(.) by extensions ['ros']
[0.321s] Level 1:colcon.colcon_core.package_identification:_identify(.) by extension 'ros'
[0.331s] Level 1:colcon.colcon_core.package_identification:_identify(.) by extensions ['cmake', 'python']
[0.331s] Level 1:colcon.colcon_core.package_identification:_identify(.) by extension 'cmake'
[0.331s] Level 1:colcon.colcon_core.package_identification:_identify(.) by extension 'python'
[0.331s] Level 1:colcon.colcon_core.package_identification:_identify(.) by extensions ['python_setup_py']
[0.331s] Level 1:colcon.colcon_core.package_identification:_identify(.) by extension 'python_setup_py'
[0.331s] Level 1:colcon.colcon_core.package_identification:_identify(build) by extensions ['ignore', 'ignore_ament_install']
[0.331s] Level 1:colcon.colcon_core.package_identification:_identify(build) by extension 'ignore'
[0.331s] Level 1:colcon.colcon_core.package_identification:_identify(build) ignored
[0.331s] Level 1:colcon.colcon_core.package_identification:_identify(install) by extensions ['ignore', 'ignore_ament_install']
[0.332s] Level 1:colcon.colcon_core.package_identification:_identify(install) by extension 'ignore'
[0.332s] Level 1:colcon.colcon_core.package_identification:_identify(install) ignored
[0.332s] Level 1:colcon.colcon_core.package_identification:_identify(log) by extensions ['ignore', 'ignore_ament_install']
[0.332s] Level 1:colcon.colcon_core.package_identification:_identify(log) by extension 'ignore'
[0.332s] Level 1:colcon.colcon_core.package_identification:_identify(log) ignored
[0.332s] Level 1:colcon.colcon_core.package_identification:_identify(src) by extensions ['ignore', 'ignore_ament_install']
[0.332s] Level 1:colcon.colcon_core.package_identification:_identify(src) by extension 'ignore'
[0.332s] Level 1:colcon.colcon_core.package_identification:_identify(src) by extension 'ignore_ament_install'
[0.332s] Level 1:colcon.colcon_core.package_identification:_identify(src) by extensions ['colcon_pkg']
[0.332s] Level 1:colcon.colcon_core.package_identification:_identify(src) by extension 'colcon_pkg'
[0.332s] Level 1:colcon.colcon_core.package_identification:_identify(src) by extensions ['colcon_meta']
[0.333s] Level 1:colcon.colcon_core.package_identification:_identify(src) by extension 'colcon_meta'
[0.333s] Level 1:colcon.colcon_core.package_identification:_identify(src) by extensions ['ros']
[0.333s] Level 1:colcon.colcon_core.package_identification:_identify(src) by extension 'ros'
[0.333s] Level 1:colcon.colcon_core.package_identification:_identify(src) by extensions ['cmake', 'python']
[0.333s] Level 1:colcon.colcon_core.package_identification:_identify(src) by extension 'cmake'
[0.333s] Level 1:colcon.colcon_core.package_identification:_identify(src) by extension 'python'
[0.333s] Level 1:colcon.colcon_core.package_identification:_identify(src) by extensions ['python_setup_py']
[0.333s] Level 1:colcon.colcon_core.package_identification:_identify(src) by extension 'python_setup_py'
[0.333s] Level 1:colcon.colcon_core.package_identification:_identify(src/quadbot_nodes) by extensions ['ignore', 'ignore_ament_install']
[0.333s] Level 1:colcon.colcon_core.package_identification:_identify(src/quadbot_nodes) by extension 'ignore'
[0.333s] Level 1:colcon.colcon_core.package_identification:_identify(src/quadbot_nodes) by extension 'ignore_ament_install'
[0.333s] Level 1:colcon.colcon_core.package_identification:_identify(src/quadbot_nodes) by extensions ['colcon_pkg']
[0.333s] Level 1:colcon.colcon_core.package_identification:_identify(src/quadbot_nodes) by extension 'colcon_pkg'
[0.333s] Level 1:colcon.colcon_core.package_identification:_identify(src/quadbot_nodes) by extensions ['colcon_meta']
[0.333s] Level 1:colcon.colcon_core.package_identification:_identify(src/quadbot_nodes) by extension 'colcon_meta'
[0.333s] Level 1:colcon.colcon_core.package_identification:_identify(src/quadbot_nodes) by extensions ['ros']
[0.333s] Level 1:colcon.colcon_core.package_identification:_identify(src/quadbot_nodes) by extension 'ros'
[0.336s] DEBUG:colcon.colcon_core.package_identification:Package 'src/quadbot_nodes' with type 'ros.ament_cmake' and name 'quadbot_nodes'
[0.336s] Level 1:colcon.colcon_core.package_discovery:discover_packages(recursive) using defaults
[0.337s] Level 1:colcon.colcon_core.package_discovery:discover_packages(ignore) discover
[0.337s] Level 1:colcon.colcon_core.package_discovery:discover_packages(ignore) using defaults
[0.337s] Level 1:colcon.colcon_core.package_discovery:discover_packages(path) discover
[0.337s] Level 1:colcon.colcon_core.package_discovery:discover_packages(path) using defaults
[0.353s] Level 1:colcon.colcon_core.package_discovery:discover_packages(prefix_path) check parameters
[0.353s] Level 1:colcon.colcon_core.package_discovery:discover_packages(prefix_path) discover
[0.364s] DEBUG:colcon.colcon_installed_package_information.package_discovery:Found 1 installed packages in /home/ibrahim/Quadbot/install
[0.365s] DEBUG:colcon.colcon_installed_package_information.package_discovery:Found 2 installed packages in /home/ibrahim/MoveItArm/install
[0.365s] DEBUG:colcon.colcon_installed_package_information.package_discovery:Found 2 installed packages in /home/ibrahim/RobotArmExpanded/install
[0.365s] DEBUG:colcon.colcon_installed_package_information.package_discovery:Found 2 installed packages in /home/ibrahim/RobotArm/install
[0.366s] DEBUG:colcon.colcon_installed_package_information.package_discovery:Found 1 installed packages in /home/ibrahim/TF2Sample/install
[0.366s] DEBUG:colcon.colcon_installed_package_information.package_discovery:Found 2 installed packages in /home/ibrahim/RobotNav/install
[0.367s] DEBUG:colcon.colcon_installed_package_information.package_discovery:Found 1 installed packages in /home/ibrahim/RobotMonitor/install
[0.367s] DEBUG:colcon.colcon_installed_package_information.package_discovery:Found 2 installed packages in /home/ibrahim/ros2_ws/install
[0.369s] DEBUG:colcon.colcon_installed_package_information.package_discovery:Found 430 installed packages in /opt/ros/humble
[0.370s] Level 1:colcon.colcon_core.package_discovery:discover_packages(prefix_path) using defaults
[0.411s] Level 5:colcon.colcon_core.verb:set package 'quadbot_nodes' build argument 'cmake_args' from command line to 'None'
[0.411s] Level 5:colcon.colcon_core.verb:set package 'quadbot_nodes' build argument 'cmake_target' from command line to 'None'
[0.411s] Level 5:colcon.colcon_core.verb:set package 'quadbot_nodes' build argument 'cmake_target_skip_unavailable' from command line to 'False'
[0.411s] Level 5:colcon.colcon_core.verb:set package 'quadbot_nodes' build argument 'cmake_clean_cache' from command line to 'False'
[0.411s] Level 5:colcon.colcon_core.verb:set package 'quadbot_nodes' build argument 'cmake_clean_first' from command line to 'False'
[0.411s] Level 5:colcon.colcon_core.verb:set package 'quadbot_nodes' build argument 'cmake_force_configure' from command line to 'False'
[0.411s] Level 5:colcon.colcon_core.verb:set package 'quadbot_nodes' build argument 'ament_cmake_args' from command line to 'None'
[0.411s] Level 5:colcon.colcon_core.verb:set package 'quadbot_nodes' build argument 'catkin_cmake_args' from command line to 'None'
[0.411s] Level 5:colcon.colcon_core.verb:set package 'quadbot_nodes' build argument 'catkin_skip_building_tests' from command line to 'False'
[0.411s] DEBUG:colcon.colcon_core.verb:Building package 'quadbot_nodes' with the following arguments: {'ament_cmake_args': None, 'build_base': '/home/ibrahim/Quadbot/build/quadbot_nodes', 'catkin_cmake_args': None, 'catkin_skip_building_tests': False, 'cmake_args': None, 'cmake_clean_cache': False, 'cmake_clean_first': False, 'cmake_force_configure': False, 'cmake_target': None, 'cmake_target_skip_unavailable': False, 'install_base': '/home/ibrahim/Quadbot/install/quadbot_nodes', 'merge_install': False, 'path': '/home/ibrahim/Quadbot/src/quadbot_nodes', 'symlink_install': False, 'test_result_base': None}
[0.411s] INFO:colcon.colcon_core.executor:Executing jobs using 'parallel' executor
[0.413s] DEBUG:colcon.colcon_parallel_executor.executor.parallel:run_until_complete
[0.413s] INFO:colcon.colcon_ros.task.ament_cmake.build:Building ROS package in '/home/ibrahim/Quadbot/src/quadbot_nodes' with build type 'ament_cmake'
[0.413s] INFO:colcon.colcon_cmake.task.cmake.build:Building CMake package in '/home/ibrahim/Quadbot/src/quadbot_nodes'
[0.415s] INFO:colcon.colcon_core.plugin_system:Skipping extension 'colcon_core.shell.bat': Not used on non-Windows systems
[0.415s] INFO:colcon.colcon_core.shell:Skip shell extension 'powershell' for command environment: Not usable outside of PowerShell
[0.415s] DEBUG:colcon.colcon_core.shell:Skip shell extension 'dsv' for command environment
[0.440s] DEBUG:colcon.colcon_core.event_handler.log_command:Invoking command in '/home/ibrahim/Quadbot/build/quadbot_nodes': CMAKE_PREFIX_PATH=${CMAKE_PREFIX_PATH}:/home/ibrahim/RobotArm/install/main_arm_package:/home/ibrahim/RobotArm/install/action_interfaces:/opt/ros/humble /usr/bin/cmake --build /home/ibrahim/Quadbot/build/quadbot_nodes -- -j16 -l16
[9.923s] DEBUG:colcon.colcon_core.event_handler.log_command:Invoked command in '/home/ibrahim/Quadbot/build/quadbot_nodes' returned '0': CMAKE_PREFIX_PATH=${CMAKE_PREFIX_PATH}:/home/ibrahim/RobotArm/install/main_arm_package:/home/ibrahim/RobotArm/install/action_interfaces:/opt/ros/humble /usr/bin/cmake --build /home/ibrahim/Quadbot/build/quadbot_nodes -- -j16 -l16
[9.938s] DEBUG:colcon.colcon_core.event_handler.log_command:Invoking command in '/home/ibrahim/Quadbot/build/quadbot_nodes': CMAKE_PREFIX_PATH=${CMAKE_PREFIX_PATH}:/home/ibrahim/RobotArm/install/main_arm_package:/home/ibrahim/RobotArm/install/action_interfaces:/opt/ros/humble /usr/bin/cmake --install /home/ibrahim/Quadbot/build/quadbot_nodes
[9.956s] Level 1:colcon.colcon_core.environment:create_environment_scripts_only(quadbot_nodes)
[9.957s] DEBUG:colcon.colcon_core.event_handler.log_command:Invoked command in '/home/ibrahim/Quadbot/build/quadbot_nodes' returned '0': CMAKE_PREFIX_PATH=${CMAKE_PREFIX_PATH}:/home/ibrahim/RobotArm/install/main_arm_package:/home/ibrahim/RobotArm/install/action_interfaces:/opt/ros/humble /usr/bin/cmake --install /home/ibrahim/Quadbot/build/quadbot_nodes
[9.959s] Level 1:colcon.colcon_core.environment:checking '/home/ibrahim/Quadbot/install/quadbot_nodes' for CMake module files
[9.960s] Level 1:colcon.colcon_core.environment:checking '/home/ibrahim/Quadbot/install/quadbot_nodes' for CMake config files
[9.960s] Level 1:colcon.colcon_core.shell:create_environment_hook('quadbot_nodes', 'cmake_prefix_path')
[9.961s] INFO:colcon.colcon_core.shell:Creating environment hook '/home/ibrahim/Quadbot/install/quadbot_nodes/share/quadbot_nodes/hook/cmake_prefix_path.ps1'
[9.962s] INFO:colcon.colcon_core.shell:Creating environment descriptor '/home/ibrahim/Quadbot/install/quadbot_nodes/share/quadbot_nodes/hook/cmake_prefix_path.dsv'
[9.962s] INFO:colcon.colcon_core.shell:Creating environment hook '/home/ibrahim/Quadbot/install/quadbot_nodes/share/quadbot_nodes/hook/cmake_prefix_path.sh'
[9.963s] Level 1:colcon.colcon_core.environment:checking '/home/ibrahim/Quadbot/install/quadbot_nodes/lib'
[9.964s] Level 1:colcon.colcon_core.environment:checking '/home/ibrahim/Quadbot/install/quadbot_nodes/bin'
[9.964s] Level 1:colcon.colcon_core.environment:checking '/home/ibrahim/Quadbot/install/quadbot_nodes/lib/pkgconfig/quadbot_nodes.pc'
[9.964s] Level 1:colcon.colcon_core.environment:checking '/home/ibrahim/Quadbot/install/quadbot_nodes/lib/python3.10/site-packages'
[9.965s] Level 1:colcon.colcon_core.environment:checking '/home/ibrahim/Quadbot/install/quadbot_nodes/bin'
[9.965s] INFO:colcon.colcon_core.shell:Creating package script '/home/ibrahim/Quadbot/install/quadbot_nodes/share/quadbot_nodes/package.ps1'
[9.966s] INFO:colcon.colcon_core.shell:Creating package descriptor '/home/ibrahim/Quadbot/install/quadbot_nodes/share/quadbot_nodes/package.dsv'
[9.966s] INFO:colcon.colcon_core.shell:Creating package script '/home/ibrahim/Quadbot/install/quadbot_nodes/share/quadbot_nodes/package.sh'
[9.967s] INFO:colcon.colcon_core.shell:Creating package script '/home/ibrahim/Quadbot/install/quadbot_nodes/share/quadbot_nodes/package.bash'
[9.968s] INFO:colcon.colcon_core.shell:Creating package script '/home/ibrahim/Quadbot/install/quadbot_nodes/share/quadbot_nodes/package.zsh'
[9.968s] Level 1:colcon.colcon_core.environment:create_file_with_runtime_dependencies(/home/ibrahim/Quadbot/install/quadbot_nodes/share/colcon-core/packages/quadbot_nodes)
[9.969s] Level 1:colcon.colcon_core.environment:create_environment_scripts_only(quadbot_nodes)
[9.969s] Level 1:colcon.colcon_core.environment:checking '/home/ibrahim/Quadbot/install/quadbot_nodes' for CMake module files
[9.970s] Level 1:colcon.colcon_core.environment:checking '/home/ibrahim/Quadbot/install/quadbot_nodes' for CMake config files
[9.970s] Level 1:colcon.colcon_core.shell:create_environment_hook('quadbot_nodes', 'cmake_prefix_path')
[9.971s] INFO:colcon.colcon_core.shell:Creating environment hook '/home/ibrahim/Quadbot/install/quadbot_nodes/share/quadbot_nodes/hook/cmake_prefix_path.ps1'
[9.971s] INFO:colcon.colcon_core.shell:Creating environment descriptor '/home/ibrahim/Quadbot/install/quadbot_nodes/share/quadbot_nodes/hook/cmake_prefix_path.dsv'
[9.972s] INFO:colcon.colcon_core.shell:Creating environment hook '/home/ibrahim/Quadbot/install/quadbot_nodes/share/quadbot_nodes/hook/cmake_prefix_path.sh'
[9.972s] Level 1:colcon.colcon_core.environment:checking '/home/ibrahim/Quadbot/install/quadbot_nodes/lib'
[9.972s] Level 1:colcon.colcon_core.environment:checking '/home/ibrahim/Quadbot/install/quadbot_nodes/bin'
[9.972s] Level 1:colcon.colcon_core.environment:checking '/home/ibrahim/Quadbot/install/quadbot_nodes/lib/pkgconfig/quadbot_nodes.pc'
[9.973s] Level 1:colcon.colcon_core.environment:checking '/home/ibrahim/Quadbot/install/quadbot_nodes/lib/python3.10/site-packages'
[9.973s] Level 1:colcon.colcon_core.environment:checking '/home/ibrahim/Quadbot/install/quadbot_nodes/bin'
[9.973s] INFO:colcon.colcon_core.shell:Creating package script '/home/ibrahim/Quadbot/install/quadbot_nodes/share/quadbot_nodes/package.ps1'
[9.974s] INFO:colcon.colcon_core.shell:Creating package descriptor '/home/ibrahim/Quadbot/install/quadbot_nodes/share/quadbot_nodes/package.dsv'
[9.974s] INFO:colcon.colcon_core.shell:Creating package script '/home/ibrahim/Quadbot/install/quadbot_nodes/share/quadbot_nodes/package.sh'
[9.974s] INFO:colcon.colcon_core.shell:Creating package script '/home/ibrahim/Quadbot/install/quadbot_nodes/share/quadbot_nodes/package.bash'
[9.975s] INFO:colcon.colcon_core.shell:Creating package script '/home/ibrahim/Quadbot/install/quadbot_nodes/share/quadbot_nodes/package.zsh'
[9.975s] Level 1:colcon.colcon_core.environment:create_file_with_runtime_dependencies(/home/ibrahim/Quadbot/install/quadbot_nodes/share/colcon-core/packages/quadbot_nodes)
[9.976s] DEBUG:colcon.colcon_parallel_executor.executor.parallel:closing loop
[9.976s] DEBUG:colcon.colcon_parallel_executor.executor.parallel:loop closed
[9.977s] DEBUG:colcon.colcon_parallel_executor.executor.parallel:run_until_complete finished with '0'
[9.977s] DEBUG:colcon.colcon_core.event_reactor:joining thread
[10.049s] INFO:colcon.colcon_core.plugin_system:Skipping extension 'colcon_notification.desktop_notification.notify_send': Could not find 'notify-send'
[10.049s] INFO:colcon.colcon_core.plugin_system:Skipping extension 'colcon_notification.desktop_notification.terminal_notifier': Not used on non-Darwin systems
[10.049s] INFO:colcon.colcon_core.plugin_system:Skipping extension 'colcon_notification.desktop_notification.win32': Not used on non-Windows systems
[10.049s] INFO:colcon.colcon_notification.desktop_notification:Sending desktop notification using 'notify2'
[10.050s] DEBUG:colcon.colcon_notification.desktop_notification.notify2:Failed to initialize notify2: org.freedesktop.DBus.Error.FileNotFound: Failed to connect to socket /run/user/1000/bus: No such file or directory
[10.050s] DEBUG:colcon.colcon_core.event_reactor:joined thread
[10.050s] INFO:colcon.colcon_core.shell:Creating prefix script '/home/ibrahim/Quadbot/install/local_setup.ps1'
[10.051s] INFO:colcon.colcon_core.shell:Creating prefix util module '/home/ibrahim/Quadbot/install/_local_setup_util_ps1.py'
[10.052s] INFO:colcon.colcon_core.shell:Creating prefix chain script '/home/ibrahim/Quadbot/install/setup.ps1'
[10.054s] INFO:colcon.colcon_core.shell:Creating prefix script '/home/ibrahim/Quadbot/install/local_setup.sh'
[10.055s] INFO:colcon.colcon_core.shell:Creating prefix util module '/home/ibrahim/Quadbot/install/_local_setup_util_sh.py'
[10.055s] INFO:colcon.colcon_core.shell:Creating prefix chain script '/home/ibrahim/Quadbot/install/setup.sh'
[10.057s] INFO:colcon.colcon_core.shell:Creating prefix script '/home/ibrahim/Quadbot/install/local_setup.bash'
[10.057s] INFO:colcon.colcon_core.shell:Creating prefix chain script '/home/ibrahim/Quadbot/install/setup.bash'
[10.058s] INFO:colcon.colcon_core.shell:Creating prefix script '/home/ibrahim/Quadbot/install/local_setup.zsh'
[10.059s] INFO:colcon.colcon_core.shell:Creating prefix chain script '/home/ibrahim/Quadbot/install/setup.zsh'
