[0.024s] Invoking command in '/home/ibrahim/Quadbot/build/quadbot_nodes': CMAKE_PREFIX_PATH=${CMAKE_PREFIX_PATH}:/home/ibrahim/RobotArm/install/main_arm_package:/home/ibrahim/RobotArm/install/action_interfaces:/opt/ros/humble /usr/bin/cmake --build /home/ibrahim/Quadbot/build/quadbot_nodes -- -j16 -l16
[0.113s] [ 50%] [32mBuilding CXX object CMakeFiles/JointMover.dir/src/JointMover.cpp.o[0m
[4.958s] [100%] [32m[1mLinking CXX executable JointMover[0m
[5.269s] [100%] Built target JointMover
[5.289s] Invoked command in '/home/ibrahim/Quadbot/build/quadbot_nodes' returned '0': CMAKE_PREFIX_PATH=${CMAKE_PREFIX_PATH}:/home/ibrahim/RobotArm/install/main_arm_package:/home/ibrahim/RobotArm/install/action_interfaces:/opt/ros/humble /usr/bin/cmake --build /home/ibrahim/Quadbot/build/quadbot_nodes -- -j16 -l16
[5.305s] Invoking command in '/home/ibrahim/Quadbot/build/quadbot_nodes': CMAKE_PREFIX_PATH=${CMAKE_PREFIX_PATH}:/home/ibrahim/RobotArm/install/main_arm_package:/home/ibrahim/RobotArm/install/action_interfaces:/opt/ros/humble /usr/bin/cmake --install /home/ibrahim/Quadbot/build/quadbot_nodes
[5.317s] -- Install configuration: ""
[5.317s] -- Installing: /home/ibrahim/Quadbot/install/quadbot_nodes/lib/quadbot_nodes/JointMover
[5.320s] -- Set runtime path of "/home/ibrahim/Quadbot/install/quadbot_nodes/lib/quadbot_nodes/JointMover" to ""
[5.320s] -- Up-to-date: /home/ibrahim/Quadbot/install/quadbot_nodes/share/quadbot_nodes/launch
[5.321s] -- Up-to-date: /home/ibrahim/Quadbot/install/quadbot_nodes/share/quadbot_nodes/launch/bringup.launch.py
[5.321s] -- Up-to-date: /home/ibrahim/Quadbot/install/quadbot_nodes/share/quadbot_nodes/launch/display.launch.py
[5.321s] -- Up-to-date: /home/ibrahim/Quadbot/install/quadbot_nodes/share/quadbot_nodes/launch/gazebo.launch.py
[5.321s] -- Up-to-date: /home/ibrahim/Quadbot/install/quadbot_nodes/share/quadbot_nodes/urdf
[5.322s] -- Up-to-date: /home/ibrahim/Quadbot/install/quadbot_nodes/share/quadbot_nodes/urdf/robot.urdf
[5.322s] -- Up-to-date: /home/ibrahim/Quadbot/install/quadbot_nodes/share/quadbot_nodes/rviz
[5.322s] -- Up-to-date: /home/ibrahim/Quadbot/install/quadbot_nodes/share/quadbot_nodes/rviz/model.rviz
[5.322s] -- Up-to-date: /home/ibrahim/Quadbot/install/quadbot_nodes/share/quadbot_nodes/config
[5.322s] -- Up-to-date: /home/ibrahim/Quadbot/install/quadbot_nodes/share/quadbot_nodes/config/test.yaml
[5.322s] -- Up-to-date: /home/ibrahim/Quadbot/install/quadbot_nodes/share/quadbot_nodes/config/quadbot_controllers.yaml
[5.322s] -- Up-to-date: /home/ibrahim/Quadbot/install/quadbot_nodes/share/ament_index/resource_index/package_run_dependencies/quadbot_nodes
[5.322s] -- Up-to-date: /home/ibrahim/Quadbot/install/quadbot_nodes/share/ament_index/resource_index/parent_prefix_path/quadbot_nodes
[5.323s] -- Up-to-date: /home/ibrahim/Quadbot/install/quadbot_nodes/share/quadbot_nodes/environment/ament_prefix_path.sh
[5.323s] -- Up-to-date: /home/ibrahim/Quadbot/install/quadbot_nodes/share/quadbot_nodes/environment/ament_prefix_path.dsv
[5.323s] -- Up-to-date: /home/ibrahim/Quadbot/install/quadbot_nodes/share/quadbot_nodes/environment/path.sh
[5.323s] -- Up-to-date: /home/ibrahim/Quadbot/install/quadbot_nodes/share/quadbot_nodes/environment/path.dsv
[5.323s] -- Up-to-date: /home/ibrahim/Quadbot/install/quadbot_nodes/share/quadbot_nodes/local_setup.bash
[5.323s] -- Up-to-date: /home/ibrahim/Quadbot/install/quadbot_nodes/share/quadbot_nodes/local_setup.sh
[5.323s] -- Up-to-date: /home/ibrahim/Quadbot/install/quadbot_nodes/share/quadbot_nodes/local_setup.zsh
[5.323s] -- Up-to-date: /home/ibrahim/Quadbot/install/quadbot_nodes/share/quadbot_nodes/local_setup.dsv
[5.323s] -- Installing: /home/ibrahim/Quadbot/install/quadbot_nodes/share/quadbot_nodes/package.dsv
[5.323s] -- Up-to-date: /home/ibrahim/Quadbot/install/quadbot_nodes/share/ament_index/resource_index/packages/quadbot_nodes
[5.323s] -- Up-to-date: /home/ibrahim/Quadbot/install/quadbot_nodes/share/quadbot_nodes/cmake/quadbot_nodesConfig.cmake
[5.323s] -- Up-to-date: /home/ibrahim/Quadbot/install/quadbot_nodes/share/quadbot_nodes/cmake/quadbot_nodesConfig-version.cmake
[5.324s] -- Up-to-date: /home/ibrahim/Quadbot/install/quadbot_nodes/share/quadbot_nodes/package.xml
[5.327s] Invoked command in '/home/ibrahim/Quadbot/build/quadbot_nodes' returned '0': CMAKE_PREFIX_PATH=${CMAKE_PREFIX_PATH}:/home/ibrahim/RobotArm/install/main_arm_package:/home/ibrahim/RobotArm/install/action_interfaces:/opt/ros/humble /usr/bin/cmake --install /home/ibrahim/Quadbot/build/quadbot_nodes
